<?xml version="1.0" encoding="UTF-8"?>
<!-- Generated by org.testng.reporters.JUnitReportReporter -->
<testsuite hostname="DESKTOP-CPPOPP6" failures="0" tests="1" name="TestPrograms.TestLogins" time="5.867" errors="0" timestamp="2025-05-25T17:02:02 IST" skipped="0">
  <testcase classname="TestPrograms.TestLogins" name="Testing" time="5.867"/>
</testsuite> <!-- TestPrograms.TestLogins -->
