<?xml version="1.0" encoding="UTF-8"?>
<!-- Generated by org.testng.reporters.JUnitReportReporter -->
<testsuite hostname="DESKTOP-CPPOPP6" failures="0" tests="1" name="TestPrograms.TestLogins" time="14.777" errors="0" timestamp="2025-05-24T11:49:16 IST" skipped="0">
  <testcase classname="TestPrograms.TestLogins" name="Testing" time="14.777"/>
</testsuite> <!-- TestPrograms.TestLogins -->
